<?xml version="1.0" encoding="UTF-8"?>
<!-- Generated by org.testng.reporters.JUnitReportReporter -->
<testsuite skipped="0" hostname="PC" name="Scroll.ScrollTest" tests="1" failures="0" timestamp="11 авг 2017 15:16:33 GMT" time="5.037" errors="0">
  <testcase name="ScrollTestCase" time="5.037" classname="Scroll.ScrollTest"/>
</testsuite> <!-- Scroll.ScrollTest -->
