<?xml version="1.0" encoding="UTF-8"?>
<!-- Generated by org.testng.reporters.JUnitReportReporter -->
<testsuite skipped="0" hostname="PC" name="Search.MainSearch" tests="10" failures="0" timestamp="01 авг 2017 14:49:43 GMT" time="17.799" errors="0">
  <testcase name="testSearch" time="1.856" classname="Search.MainSearch"/>
  <testcase name="testSearch" time="2.260" classname="Search.MainSearch"/>
  <testcase name="testSearch" time="1.956" classname="Search.MainSearch"/>
  <testcase name="testSearch" time="1.522" classname="Search.MainSearch"/>
  <testcase name="testSearch" time="1.553" classname="Search.MainSearch"/>
  <testcase name="testSearch" time="1.909" classname="Search.MainSearch"/>
  <testcase name="testSearch" time="1.516" classname="Search.MainSearch"/>
  <testcase name="testSearch" time="1.487" classname="Search.MainSearch"/>
  <testcase name="testSearch" time="1.998" classname="Search.MainSearch"/>
  <testcase name="testSearch" time="1.742" classname="Search.MainSearch"/>
</testsuite> <!-- Search.MainSearch -->
