<?xml version="1.0" encoding="UTF-8"?>
<!-- Generated by org.testng.reporters.JUnitReportReporter -->
<testsuite skipped="0" hostname="PC" name="VerifyBrokenLinks.VerifyLinks" tests="1" failures="0" timestamp="10 авг 2017 15:39:49 GMT" time="22.791" errors="0">
  <testcase name="verifyApptitle" time="22.791" classname="VerifyBrokenLinks.VerifyLinks"/>
</testsuite> <!-- VerifyBrokenLinks.VerifyLinks -->
