<?xml version="1.0" encoding="UTF-8"?>
<!-- Generated by org.testng.reporters.JUnitReportReporter -->
<testsuite skipped="0" hostname="PC" name="VerifyBrokenLinks.VerifyBrokenImages" tests="1" failures="0" timestamp="11 авг 2017 06:09:46 GMT" time="3.134" errors="0">
  <testcase name="verifyImg" time="3.134" classname="VerifyBrokenLinks.VerifyBrokenImages"/>
</testsuite> <!-- VerifyBrokenLinks.VerifyBrokenImages -->
