<?xml version="1.0" encoding="UTF-8"?>
<!-- Generated by org.testng.reporters.JUnitReportReporter -->
<testsuite skipped="0" hostname="PC" name="Verify.VerifyTitle" tests="1" failures="0" timestamp="09 авг 2017 13:51:20 GMT" time="0.056" errors="0">
  <testcase name="verifyApptitle" time="0.056" classname="Verify.VerifyTitle"/>
</testsuite> <!-- Verify.VerifyTitle -->
