<?xml version="1.0" encoding="UTF-8"?>
<!-- Generated by org.testng.reporters.JUnitReportReporter -->
<testsuite skipped="0" hostname="dell" name="FirstTest" tests="4" failures="0" timestamp="30 июл 2017 08:44:27 GMT" time="19.634" errors="0">
  <testcase name="Test" time="6.563" classname="FirstTest"/>
  <testcase name="Test" time="4.668" classname="FirstTest"/>
  <testcase name="Test" time="4.055" classname="FirstTest"/>
  <testcase name="Test" time="4.348" classname="FirstTest"/>
</testsuite> <!-- FirstTest -->
