<?xml version="1.0" encoding="UTF-8"?>
<!-- Generated by org.testng.reporters.JUnitReportReporter -->
<testsuite skipped="0" hostname="PC" name="Scroll.ScrollIntoView" tests="1" failures="0" timestamp="11 авг 2017 15:30:37 GMT" time="0.400" errors="0">
  <testcase name="scrollViev" time="0.400" classname="Scroll.ScrollIntoView"/>
</testsuite> <!-- Scroll.ScrollIntoView -->
