<?xml version="1.0" encoding="UTF-8"?>
<!-- Generated by org.testng.reporters.JUnitReportReporter -->
<testsuite skipped="0" hostname="dell" name="PageObjectTest" tests="1" failures="0" timestamp="30 июл 2017 07:02:23 GMT" time="2.159" errors="0">
  <testcase name="testSearch" time="2.159" classname="PageObjectTest"/>
</testsuite> <!-- PageObjectTest -->
