<?xml version="1.0" encoding="UTF-8"?>
<!-- Generated by org.testng.reporters.JUnitReportReporter -->
<testsuite skipped="0" hostname="PC" name="ElemIsNotClickExep.YahooMailCheckBox" tests="1" failures="0" timestamp="16 авг 2017 07:25:09 GMT" time="0.529" errors="0">
  <testcase name="SolveExep" time="0.529" classname="ElemIsNotClickExep.YahooMailCheckBox"/>
</testsuite> <!-- ElemIsNotClickExep.YahooMailCheckBox -->
